<?xml version="1.0" encoding="UTF-8"?>
<!-- Generated by org.testng.reporters.JUnitReportReporter -->
<testsuite skipped="0" hostname="LAPTOP-LOG2SSBM" name="Hola.param" tests="4" failures="0" timestamp="08 Jun 2020 14:38:10 GMT" time="0.017" errors="1">
  <testcase name="login" time="0.002" classname="Hola.param"/>
  <testcase name="login" time="0.013" classname="Hola.param"/>
  <testcase name="login" time="0.002" classname="Hola.param"/>
  <testcase name="passit" time="0.000" classname="Hola.param">
    <error type="org.testng.TestNGException" message="
Parameter &#039;url&#039; is required by @Test on method passit but has not been marked @Optional or defined
in D:\selenium workspace\Practiceno1\testng.xml">
      <![CDATA[org.testng.TestNGException: 
Parameter 'url' is required by @Test on method passit but has not been marked @Optional or defined
in D:\selenium workspace\Practiceno1\testng.xml
at org.testng.internal.Parameters.createParams(Parameters.java:290)
at org.testng.internal.Parameters.createParametersForMethod(Parameters.java:359)
at org.testng.internal.Parameters.createParameters(Parameters.java:620)
at org.testng.internal.Parameters.handleParameters(Parameters.java:769)
at org.testng.internal.ParameterHandler.handleParameters(ParameterHandler.java:49)
at org.testng.internal.ParameterHandler.createParameters(ParameterHandler.java:37)
at org.testng.internal.Invoker.invokeTestMethods(Invoker.java:924)
at org.testng.internal.TestMethodWorker.invokeTestMethods(TestMethodWorker.java:125)
at org.testng.internal.TestMethodWorker.run(TestMethodWorker.java:109)
at java.util.concurrent.ThreadPoolExecutor.runWorker(ThreadPoolExecutor.java:1149)
at java.util.concurrent.ThreadPoolExecutor$Worker.run(ThreadPoolExecutor.java:624)
at java.lang.Thread.run(Thread.java:748)
]]>
    </error>
  </testcase> <!-- passit -->
</testsuite> <!-- Hola.param -->
