<?xml version="1.0" encoding="UTF-8"?>
<!-- Generated by org.testng.reporters.JUnitXMLReporter -->
<testsuite hostname="LAPTOP-LOG2SSBM" ignored="0" name="Test" tests="9" failures="2" timestamp="08 Jun 2020 14:38:10 GMT" time="26.692" errors="0">
  <testcase name="login" time="0.013" classname="Hola.param"/>
  <testcase name="login" time="0.002" classname="Hola.param"/>
  <testcase name="login" time="0.002" classname="Hola.param"/>
  <testcase name="passit" time="0.0" classname="Hola.param">
    <failure type="org.testng.TestNGException" message="
Parameter &amp;apos;url&amp;apos; is required by @Test on method passit but has not been marked @Optional or defined
in D:\selenium workspace\Practiceno1\testng.xml">
      <![CDATA[org.testng.TestNGException: 
Parameter 'url' is required by @Test on method passit but has not been marked @Optional or defined
in D:\selenium workspace\Practiceno1\testng.xml
at java.util.concurrent.ThreadPoolExecutor.runWorker(ThreadPoolExecutor.java:1149)
at java.util.concurrent.ThreadPoolExecutor$Worker.run(ThreadPoolExecutor.java:624)
at java.lang.Thread.run(Thread.java:748)
... Removed 9 stack frames]]>
    </failure>
  </testcase> <!-- passit -->
  <testcase name="Driver" time="4.291" classname="Hola.windows"/>
  <testcase name="abc" time="14.212" classname="Hola.Actn">
    <failure type="org.openqa.selenium.SessionNotCreatedException" message="session not created
from chrome not reachable
  (Session info: chrome=83.0.4103.97)
Build info: version: &amp;apos;3.141.59&amp;apos;, revision: &amp;apos;e82be7d358&amp;apos;, time: &amp;apos;2018-11-14T08:17:03&amp;apos;
System info: host: &amp;apos;LAPTOP-LOG2SSBM&amp;apos;, ip: &amp;apos;192.168.56.1&amp;apos;, os.name: &amp;apos;Windows 10&amp;apos;, os.arch: &amp;apos;amd64&amp;apos;, os.version: &amp;apos;10.0&amp;apos;, java.version: &amp;apos;1.8.0_231&amp;apos;
Driver info: driver.version: ChromeDriver
remote stacktrace: Backtrace:
	Ordinal0 [0x005F9563+2725219]
	Ordinal0 [0x004F8551+1672529]
	Ordinal0 [0x003E0202+524802]
	Ordinal0 [0x003D99B2+498098]
	Ordinal0 [0x003DA09B+499867]
	Ordinal0 [0x003DAFF5+503797]
	Ordinal0 [0x003D6994+485780]
	Ordinal0 [0x003E0FF0+528368]
	Ordinal0 [0x0038D6C9+186057]
	Ordinal0 [0x0038CA3D+182845]
	Ordinal0 [0x0038A94B+174411]
	Ordinal0 [0x00372528+75048]
	Ordinal0 [0x003735A0+79264]
	Ordinal0 [0x00373539+79161]
	Ordinal0 [0x0050D607+1758727]
	GetHandleVerifier [0x00716546+1050150]
	GetHandleVerifier [0x00716291+1049457]
	GetHandleVerifier [0x007210D7+1094071]
	GetHandleVerifier [0x00716B46+1051686]
	Ordinal0 [0x00505B06+1727238]
	Ordinal0 [0x0050EB7B+1764219]
	Ordinal0 [0x0050ECE3+1764579]
	Ordinal0 [0x00524C05+1854469]
	BaseThreadInitThunk [0x75E96359+25]
	RtlGetAppContainerNamedObjectPath [0x778B7C24+228]
	RtlGetAppContainerNamedObjectPath [0x778B7BF4+180]
">
      <![CDATA[org.openqa.selenium.SessionNotCreatedException: session not created
from chrome not reachable
  (Session info: chrome=83.0.4103.97)
Build info: version: '3.141.59', revision: 'e82be7d358', time: '2018-11-14T08:17:03'
System info: host: 'LAPTOP-LOG2SSBM', ip: '192.168.56.1', os.name: 'Windows 10', os.arch: 'amd64', os.version: '10.0', java.version: '1.8.0_231'
Driver info: driver.version: ChromeDriver
remote stacktrace: Backtrace:
Ordinal0 [0x005F9563+2725219]
Ordinal0 [0x004F8551+1672529]
Ordinal0 [0x003E0202+524802]
Ordinal0 [0x003D99B2+498098]
Ordinal0 [0x003DA09B+499867]
Ordinal0 [0x003DAFF5+503797]
Ordinal0 [0x003D6994+485780]
Ordinal0 [0x003E0FF0+528368]
Ordinal0 [0x0038D6C9+186057]
Ordinal0 [0x0038CA3D+182845]
Ordinal0 [0x0038A94B+174411]
Ordinal0 [0x00372528+75048]
Ordinal0 [0x003735A0+79264]
Ordinal0 [0x00373539+79161]
Ordinal0 [0x0050D607+1758727]
GetHandleVerifier [0x00716546+1050150]
GetHandleVerifier [0x00716291+1049457]
GetHandleVerifier [0x007210D7+1094071]
GetHandleVerifier [0x00716B46+1051686]
Ordinal0 [0x00505B06+1727238]
Ordinal0 [0x0050EB7B+1764219]
Ordinal0 [0x0050ECE3+1764579]
Ordinal0 [0x00524C05+1854469]
BaseThreadInitThunk [0x75E96359+25]
RtlGetAppContainerNamedObjectPath [0x778B7C24+228]
RtlGetAppContainerNamedObjectPath [0x778B7BF4+180]

at org.openqa.selenium.remote.W3CHandshakeResponse.lambda$errorHandler$0(W3CHandshakeResponse.java:62)
at org.openqa.selenium.remote.HandshakeResponse.lambda$getResponseFunction$0(HandshakeResponse.java:30)
at org.openqa.selenium.remote.ProtocolHandshake.lambda$createSession$0(ProtocolHandshake.java:126)
at java.util.stream.ReferencePipeline$3$1.accept(ReferencePipeline.java:193)
at java.util.Spliterators$ArraySpliterator.tryAdvance(Spliterators.java:958)
at java.util.stream.ReferencePipeline.forEachWithCancel(ReferencePipeline.java:126)
at java.util.stream.AbstractPipeline.copyIntoWithCancel(AbstractPipeline.java:499)
at java.util.stream.AbstractPipeline.copyInto(AbstractPipeline.java:486)
at java.util.stream.AbstractPipeline.wrapAndCopyInto(AbstractPipeline.java:472)
at java.util.stream.FindOps$FindOp.evaluateSequential(FindOps.java:152)
at java.util.stream.AbstractPipeline.evaluate(AbstractPipeline.java:234)
at java.util.stream.ReferencePipeline.findFirst(ReferencePipeline.java:464)
at org.openqa.selenium.remote.ProtocolHandshake.createSession(ProtocolHandshake.java:128)
at org.openqa.selenium.remote.ProtocolHandshake.createSession(ProtocolHandshake.java:74)
at org.openqa.selenium.remote.HttpCommandExecutor.execute(HttpCommandExecutor.java:136)
at org.openqa.selenium.remote.service.DriverCommandExecutor.execute(DriverCommandExecutor.java:83)
at org.openqa.selenium.remote.RemoteWebDriver.execute(RemoteWebDriver.java:552)
at org.openqa.selenium.remote.RemoteWebDriver.startSession(RemoteWebDriver.java:213)
at org.openqa.selenium.remote.RemoteWebDriver.<init>(RemoteWebDriver.java:131)
at org.openqa.selenium.chrome.ChromeDriver.<init>(ChromeDriver.java:181)
at org.openqa.selenium.chrome.ChromeDriver.<init>(ChromeDriver.java:168)
at org.openqa.selenium.chrome.ChromeDriver.<init>(ChromeDriver.java:123)
at Hola.base.startDriver(base.java:29)
at Hola.Actn.abc(Actn.java:23)
at java.util.concurrent.ThreadPoolExecutor.runWorker(ThreadPoolExecutor.java:1149)
at java.util.concurrent.ThreadPoolExecutor$Worker.run(ThreadPoolExecutor.java:624)
at java.lang.Thread.run(Thread.java:748)
... Removed 14 stack frames]]>
    </failure>
  </testcase> <!-- abc -->
  <testcase name="check" time="7.397" classname="Hola.Actn"/>
  <testcase name="def" time="4.772" classname="Hola.Actn"/>
  <testcase name="section" time="22.339" classname="Hola.windows"/>
</testsuite> <!-- Test -->
