<html>
<head>
<title>TestNG:  Test</title>
<link href="../testng.css" rel="stylesheet" type="text/css" />
<link href="../my-testng.css" rel="stylesheet" type="text/css" />

<style type="text/css">
.log { display: none;} 
.stack-trace { display: none;} 
</style>
<script type="text/javascript">
<!--
function flip(e) {
  current = e.style.display;
  if (current == 'block') {
    e.style.display = 'none';
    return 0;
  }
  else {
    e.style.display = 'block';
    return 1;
  }
}

function toggleBox(szDivId, elem, msg1, msg2)
{
  var res = -1;  if (document.getElementById) {
    res = flip(document.getElementById(szDivId));
  }
  else if (document.all) {
    // this is the way old msie versions work
    res = flip(document.all[szDivId]);
  }
  if(elem) {
    if(res == 0) elem.innerHTML = msg1; else elem.innerHTML = msg2;
  }

}

function toggleAllBoxes() {
  if (document.getElementsByTagName) {
    d = document.getElementsByTagName('div');
    for (i = 0; i < d.length; i++) {
      if (d[i].className == 'log') {
        flip(d[i]);
      }
    }
  }
}

// -->
</script>

</head>
<body>
<h2 align='center'>Test</h2><table border='1' align="center">
<tr>
<td>Tests passed/Failed/Skipped:</td><td>7/2/0</td>
</tr><tr>
<td>Started on:</td><td>Mon Jun 08 20:07:43 IST 2020</td>
</tr>
<tr><td>Total time:</td><td>26 seconds (26692 ms)</td>
</tr><tr>
<td>Included groups:</td><td></td>
</tr><tr>
<td>Excluded groups:</td><td></td>
</tr>
</table><p/>
<small><i>(Hover the method name to see the test class name)</i></small><p/>
<table width='100%' border='1' class='invocation-failed'>
<tr><td colspan='4' align='center'><b>FAILED TESTS</b></td></tr>
<tr><td><b>Test method</b></td>
<td width="30%"><b>Exception</b></td>
<td width="10%"><b>Time (seconds)</b></td>
<td><b>Instance</b></td>
</tr>
<tr>
<td title='Hola.Actn.abc()'><b>abc</b><br>Test class: Hola.Actn</td>
<td><div><pre>org.openqa.selenium.SessionNotCreatedException: session not created
from chrome not reachable
  (Session info: chrome=83.0.4103.97)
Build info: version: &apos;3.141.59&apos;, revision: &apos;e82be7d358&apos;, time: &apos;2018-11-14T08:17:03&apos;
System info: host: &apos;LAPTOP-LOG2SSBM&apos;, ip: &apos;192.168.56.1&apos;, os.name: &apos;Windows 10&apos;, os.arch: &apos;amd64&apos;, os.version: &apos;10.0&apos;, java.version: &apos;1.8.0_231&apos;
Driver info: driver.version: ChromeDriver
remote stacktrace: Backtrace:
	Ordinal0 [0x005F9563+2725219]
	Ordinal0 [0x004F8551+1672529]
	Ordinal0 [0x003E0202+524802]
	Ordinal0 [0x003D99B2+498098]
	Ordinal0 [0x003DA09B+499867]
	Ordinal0 [0x003DAFF5+503797]
	Ordinal0 [0x003D6994+485780]
	Ordinal0 [0x003E0FF0+528368]
	Ordinal0 [0x0038D6C9+186057]
	Ordinal0 [0x0038CA3D+182845]
	Ordinal0 [0x0038A94B+174411]
	Ordinal0 [0x00372528+75048]
	Ordinal0 [0x003735A0+79264]
	Ordinal0 [0x00373539+79161]
	Ordinal0 [0x0050D607+1758727]
	GetHandleVerifier [0x00716546+1050150]
	GetHandleVerifier [0x00716291+1049457]
	GetHandleVerifier [0x007210D7+1094071]
	GetHandleVerifier [0x00716B46+1051686]
	Ordinal0 [0x00505B06+1727238]
	Ordinal0 [0x0050EB7B+1764219]
	Ordinal0 [0x0050ECE3+1764579]
	Ordinal0 [0x00524C05+1854469]
	BaseThreadInitThunk [0x75E96359+25]
	RtlGetAppContainerNamedObjectPath [0x778B7C24+228]
	RtlGetAppContainerNamedObjectPath [0x778B7BF4+180]

	at org.openqa.selenium.remote.W3CHandshakeResponse.lambda$errorHandler$0(W3CHandshakeResponse.java:62)
	at org.openqa.selenium.remote.HandshakeResponse.lambda$getResponseFunction$0(HandshakeResponse.java:30)
	at org.openqa.selenium.remote.ProtocolHandshake.lambda$createSession$0(ProtocolHandshake.java:126)
	at java.util.stream.ReferencePipeline$3$1.accept(ReferencePipeline.java:193)
	at java.util.Spliterators$ArraySpliterator.tryAdvance(Spliterators.java:958)
	at java.util.stream.ReferencePipeline.forEachWithCancel(ReferencePipeline.java:126)
	at java.util.stream.AbstractPipeline.copyIntoWithCancel(AbstractPipeline.java:499)
	at java.util.stream.AbstractPipeline.copyInto(AbstractPipeline.java:486)
	at java.util.stream.AbstractPipeline.wrapAndCopyInto(AbstractPipeline.java:472)
	at java.util.stream.FindOps$FindOp.evaluateSequential(FindOps.java:152)
	at java.util.stream.AbstractPipeline.evaluate(AbstractPipeline.java:234)
	at java.util.stream.ReferencePipeline.findFirst(ReferencePipeline.java:464)
	at org.openqa.selenium.remote.ProtocolHandshake.createSession(ProtocolHandshake.java:128)
	at org.openqa.selenium.remote.ProtocolHandshake.createSession(ProtocolHandshake.java:74)
	at org.openqa.selenium.remote.HttpCommandExecutor.execute(HttpCommandExecutor.java:136)
	at org.openqa.selenium.remote.service.DriverCommandExecutor.execute(DriverCommandExecutor.java:83)
	at org.openqa.selenium.remote.RemoteWebDriver.execute(RemoteWebDriver.java:552)
	at org.openqa.selenium.remote.RemoteWebDriver.startSession(RemoteWebDriver.java:213)
	at org.openqa.selenium.remote.RemoteWebDriver.&lt;init&gt;(RemoteWebDriver.java:131)
	at org.openqa.selenium.chrome.ChromeDriver.&lt;init&gt;(ChromeDriver.java:181)
	at org.openqa.selenium.chrome.ChromeDriver.&lt;init&gt;(ChromeDriver.java:168)
	at org.openqa.selenium.chrome.ChromeDriver.&lt;init&gt;(ChromeDriver.java:123)
	at Hola.base.startDriver(base.java:29)
	at Hola.Actn.abc(Actn.java:23)
	at java.util.concurrent.ThreadPoolExecutor.runWorker(ThreadPoolExecutor.java:1149)
	at java.util.concurrent.ThreadPoolExecutor$Worker.run(ThreadPoolExecutor.java:624)
	at java.lang.Thread.run(Thread.java:748)
... Removed 14 stack frames</pre></div><a href='#' onClick='toggleBox("stack-trace2092428069", this, "Click to show all stack frames", "Click to hide stack frames")'>Click to show all stack frames</a>
<div class='stack-trace' id='stack-trace2092428069'><pre>org.openqa.selenium.SessionNotCreatedException: session not created
from chrome not reachable
  (Session info: chrome=83.0.4103.97)
Build info: version: &apos;3.141.59&apos;, revision: &apos;e82be7d358&apos;, time: &apos;2018-11-14T08:17:03&apos;
System info: host: &apos;LAPTOP-LOG2SSBM&apos;, ip: &apos;192.168.56.1&apos;, os.name: &apos;Windows 10&apos;, os.arch: &apos;amd64&apos;, os.version: &apos;10.0&apos;, java.version: &apos;1.8.0_231&apos;
Driver info: driver.version: ChromeDriver
remote stacktrace: Backtrace:
	Ordinal0 [0x005F9563+2725219]
	Ordinal0 [0x004F8551+1672529]
	Ordinal0 [0x003E0202+524802]
	Ordinal0 [0x003D99B2+498098]
	Ordinal0 [0x003DA09B+499867]
	Ordinal0 [0x003DAFF5+503797]
	Ordinal0 [0x003D6994+485780]
	Ordinal0 [0x003E0FF0+528368]
	Ordinal0 [0x0038D6C9+186057]
	Ordinal0 [0x0038CA3D+182845]
	Ordinal0 [0x0038A94B+174411]
	Ordinal0 [0x00372528+75048]
	Ordinal0 [0x003735A0+79264]
	Ordinal0 [0x00373539+79161]
	Ordinal0 [0x0050D607+1758727]
	GetHandleVerifier [0x00716546+1050150]
	GetHandleVerifier [0x00716291+1049457]
	GetHandleVerifier [0x007210D7+1094071]
	GetHandleVerifier [0x00716B46+1051686]
	Ordinal0 [0x00505B06+1727238]
	Ordinal0 [0x0050EB7B+1764219]
	Ordinal0 [0x0050ECE3+1764579]
	Ordinal0 [0x00524C05+1854469]
	BaseThreadInitThunk [0x75E96359+25]
	RtlGetAppContainerNamedObjectPath [0x778B7C24+228]
	RtlGetAppContainerNamedObjectPath [0x778B7BF4+180]

	at sun.reflect.NativeConstructorAccessorImpl.newInstance0(Native Method)
	at sun.reflect.NativeConstructorAccessorImpl.newInstance(NativeConstructorAccessorImpl.java:62)
	at sun.reflect.DelegatingConstructorAccessorImpl.newInstance(DelegatingConstructorAccessorImpl.java:45)
	at java.lang.reflect.Constructor.newInstance(Constructor.java:423)
	at org.openqa.selenium.remote.W3CHandshakeResponse.lambda$errorHandler$0(W3CHandshakeResponse.java:62)
	at org.openqa.selenium.remote.HandshakeResponse.lambda$getResponseFunction$0(HandshakeResponse.java:30)
	at org.openqa.selenium.remote.ProtocolHandshake.lambda$createSession$0(ProtocolHandshake.java:126)
	at java.util.stream.ReferencePipeline$3$1.accept(ReferencePipeline.java:193)
	at java.util.Spliterators$ArraySpliterator.tryAdvance(Spliterators.java:958)
	at java.util.stream.ReferencePipeline.forEachWithCancel(ReferencePipeline.java:126)
	at java.util.stream.AbstractPipeline.copyIntoWithCancel(AbstractPipeline.java:499)
	at java.util.stream.AbstractPipeline.copyInto(AbstractPipeline.java:486)
	at java.util.stream.AbstractPipeline.wrapAndCopyInto(AbstractPipeline.java:472)
	at java.util.stream.FindOps$FindOp.evaluateSequential(FindOps.java:152)
	at java.util.stream.AbstractPipeline.evaluate(AbstractPipeline.java:234)
	at java.util.stream.ReferencePipeline.findFirst(ReferencePipeline.java:464)
	at org.openqa.selenium.remote.ProtocolHandshake.createSession(ProtocolHandshake.java:128)
	at org.openqa.selenium.remote.ProtocolHandshake.createSession(ProtocolHandshake.java:74)
	at org.openqa.selenium.remote.HttpCommandExecutor.execute(HttpCommandExecutor.java:136)
	at org.openqa.selenium.remote.service.DriverCommandExecutor.execute(DriverCommandExecutor.java:83)
	at org.openqa.selenium.remote.RemoteWebDriver.execute(RemoteWebDriver.java:552)
	at org.openqa.selenium.remote.RemoteWebDriver.startSession(RemoteWebDriver.java:213)
	at org.openqa.selenium.remote.RemoteWebDriver.&lt;init&gt;(RemoteWebDriver.java:131)
	at org.openqa.selenium.chrome.ChromeDriver.&lt;init&gt;(ChromeDriver.java:181)
	at org.openqa.selenium.chrome.ChromeDriver.&lt;init&gt;(ChromeDriver.java:168)
	at org.openqa.selenium.chrome.ChromeDriver.&lt;init&gt;(ChromeDriver.java:123)
	at Hola.base.startDriver(base.java:29)
	at Hola.Actn.abc(Actn.java:23)
	at sun.reflect.NativeMethodAccessorImpl.invoke0(Native Method)
	at sun.reflect.NativeMethodAccessorImpl.invoke(NativeMethodAccessorImpl.java:62)
	at sun.reflect.DelegatingMethodAccessorImpl.invoke(DelegatingMethodAccessorImpl.java:43)
	at java.lang.reflect.Method.invoke(Method.java:498)
	at org.testng.internal.MethodInvocationHelper.invokeMethod(MethodInvocationHelper.java:124)
	at org.testng.internal.Invoker.invokeMethod(Invoker.java:583)
	at org.testng.internal.Invoker.invokeTestMethod(Invoker.java:719)
	at org.testng.internal.Invoker.invokeTestMethods(Invoker.java:989)
	at org.testng.internal.TestMethodWorker.invokeTestMethods(TestMethodWorker.java:125)
	at org.testng.internal.TestMethodWorker.run(TestMethodWorker.java:109)
	at java.util.concurrent.ThreadPoolExecutor.runWorker(ThreadPoolExecutor.java:1149)
	at java.util.concurrent.ThreadPoolExecutor$Worker.run(ThreadPoolExecutor.java:624)
	at java.lang.Thread.run(Thread.java:748)
</pre></div></td>
<td>14</td>
<td>Hola.Actn@2aece37d</td></tr>
<tr>
<td title='Hola.param.passit()'><b>passit</b><br>Test class: Hola.param</td>
<td><div><pre>org.testng.TestNGException: 
Parameter &apos;url&apos; is required by @Test on method passit but has not been marked @Optional or defined
in D:\selenium workspace\Practiceno1\testng.xml
	at java.util.concurrent.ThreadPoolExecutor.runWorker(ThreadPoolExecutor.java:1149)
	at java.util.concurrent.ThreadPoolExecutor$Worker.run(ThreadPoolExecutor.java:624)
	at java.lang.Thread.run(Thread.java:748)
... Removed 9 stack frames</pre></div><a href='#' onClick='toggleBox("stack-trace2044172136", this, "Click to show all stack frames", "Click to hide stack frames")'>Click to show all stack frames</a>
<div class='stack-trace' id='stack-trace2044172136'><pre>org.testng.TestNGException: 
Parameter &apos;url&apos; is required by @Test on method passit but has not been marked @Optional or defined
in D:\selenium workspace\Practiceno1\testng.xml
	at org.testng.internal.Parameters.createParams(Parameters.java:290)
	at org.testng.internal.Parameters.createParametersForMethod(Parameters.java:359)
	at org.testng.internal.Parameters.createParameters(Parameters.java:620)
	at org.testng.internal.Parameters.handleParameters(Parameters.java:769)
	at org.testng.internal.ParameterHandler.handleParameters(ParameterHandler.java:49)
	at org.testng.internal.ParameterHandler.createParameters(ParameterHandler.java:37)
	at org.testng.internal.Invoker.invokeTestMethods(Invoker.java:924)
	at org.testng.internal.TestMethodWorker.invokeTestMethods(TestMethodWorker.java:125)
	at org.testng.internal.TestMethodWorker.run(TestMethodWorker.java:109)
	at java.util.concurrent.ThreadPoolExecutor.runWorker(ThreadPoolExecutor.java:1149)
	at java.util.concurrent.ThreadPoolExecutor$Worker.run(ThreadPoolExecutor.java:624)
	at java.lang.Thread.run(Thread.java:748)
</pre></div></td>
<td>0</td>
<td>Hola.param@3c87521</td></tr>
</table><p>
<table width='100%' border='1' class='invocation-passed'>
<tr><td colspan='4' align='center'><b>PASSED TESTS</b></td></tr>
<tr><td><b>Test method</b></td>
<td width="30%"><b>Exception</b></td>
<td width="10%"><b>Time (seconds)</b></td>
<td><b>Instance</b></td>
</tr>
<tr>
<td title='Hola.windows.Driver()'><b>Driver</b><br>Test class: Hola.windows</td>
<td></td>
<td>4</td>
<td>Hola.windows@548a102f</td></tr>
<tr>
<td title='Hola.Actn.check()'><b>check</b><br>Test class: Hola.Actn</td>
<td></td>
<td>7</td>
<td>Hola.Actn@2aece37d</td></tr>
<tr>
<td title='Hola.Actn.def()'><b>def</b><br>Test class: Hola.Actn</td>
<td></td>
<td>4</td>
<td>Hola.Actn@2aece37d</td></tr>
<tr>
<td title='Hola.param.login()'><b>login</b><br>Test class: Hola.param<br>Parameters: fsadf@gmail.com, njsgj</td>
<td></td>
<td>0</td>
<td>Hola.param@3c87521</td></tr>
<tr>
<td title='Hola.param.login()'><b>login</b><br>Test class: Hola.param<br>Parameters: jsjgj@gmail.com, hshghg</td>
<td></td>
<td>0</td>
<td>Hola.param@3c87521</td></tr>
<tr>
<td title='Hola.param.login()'><b>login</b><br>Test class: Hola.param<br>Parameters: bjsgh@gmail.com, khst</td>
<td></td>
<td>0</td>
<td>Hola.param@3c87521</td></tr>
<tr>
<td title='Hola.windows.section()'><b>section</b><br>Test class: Hola.windows</td>
<td></td>
<td>22</td>
<td>Hola.windows@548a102f</td></tr>
</table><p>
</body>
</html>