<?xml version="1.0" encoding="UTF-8"?>
<testng-results skipped="0" failed="2" ignored="0" total="9" passed="7">
  <reporter-output>
  </reporter-output>
  <suite name="Suite" duration-ms="26692" started-at="2020-06-08T14:37:43Z" finished-at="2020-06-08T14:38:10Z">
    <groups>
      <group name="smoke">
        <method signature="Actn.abc()[pri:0, instance:Hola.Actn@2aece37d]" name="abc" class="Hola.Actn"/>
        <method signature="Actn.def()[pri:0, instance:Hola.Actn@2aece37d]" name="def" class="Hola.Actn"/>
      </group> <!-- smoke -->
    </groups>
    <test name="Test" duration-ms="26692" started-at="2020-06-08T14:37:43Z" finished-at="2020-06-08T14:38:10Z">
      <class name="Hola.param">
        <test-method status="PASS" signature="login(java.lang.String, java.lang.String)[pri:0, instance:Hola.param@3c87521]" name="login" duration-ms="13" started-at="2020-06-08T14:37:43Z" data-provider="getData" finished-at="2020-06-08T14:37:43Z">
          <params>
            <param index="0">
              <value>
                <![CDATA[fsadf@gmail.com]]>
              </value>
            </param>
            <param index="1">
              <value>
                <![CDATA[njsgj]]>
              </value>
            </param>
          </params>
          <reporter-output>
          </reporter-output>
        </test-method> <!-- login -->
        <test-method status="PASS" signature="login(java.lang.String, java.lang.String)[pri:0, instance:Hola.param@3c87521]" name="login" duration-ms="2" started-at="2020-06-08T14:37:43Z" data-provider="getData" finished-at="2020-06-08T14:37:43Z">
          <params>
            <param index="0">
              <value>
                <![CDATA[jsjgj@gmail.com]]>
              </value>
            </param>
            <param index="1">
              <value>
                <![CDATA[hshghg]]>
              </value>
            </param>
          </params>
          <reporter-output>
          </reporter-output>
        </test-method> <!-- login -->
        <test-method status="PASS" signature="login(java.lang.String, java.lang.String)[pri:0, instance:Hola.param@3c87521]" name="login" duration-ms="2" started-at="2020-06-08T14:37:43Z" data-provider="getData" finished-at="2020-06-08T14:37:43Z">
          <params>
            <param index="0">
              <value>
                <![CDATA[bjsgh@gmail.com]]>
              </value>
            </param>
            <param index="1">
              <value>
                <![CDATA[khst]]>
              </value>
            </param>
          </params>
          <reporter-output>
          </reporter-output>
        </test-method> <!-- login -->
        <test-method status="FAIL" signature="passit(java.lang.String)[pri:0, instance:Hola.param@3c87521]" name="passit" duration-ms="0" started-at="2020-06-08T14:37:43Z" finished-at="2020-06-08T14:37:43Z">
          <exception class="org.testng.TestNGException">
            <message>
              <![CDATA[
Parameter 'url' is required by @Test on method passit but has not been marked @Optional or defined
in D:\selenium workspace\Practiceno1\testng.xml]]>
            </message>
            <full-stacktrace>
              <![CDATA[org.testng.TestNGException: 
Parameter 'url' is required by @Test on method passit but has not been marked @Optional or defined
in D:\selenium workspace\Practiceno1\testng.xml
at org.testng.internal.Parameters.createParams(Parameters.java:290)
at org.testng.internal.Parameters.createParametersForMethod(Parameters.java:359)
at org.testng.internal.Parameters.createParameters(Parameters.java:620)
at org.testng.internal.Parameters.handleParameters(Parameters.java:769)
at org.testng.internal.ParameterHandler.handleParameters(ParameterHandler.java:49)
at org.testng.internal.ParameterHandler.createParameters(ParameterHandler.java:37)
at org.testng.internal.Invoker.invokeTestMethods(Invoker.java:924)
at org.testng.internal.TestMethodWorker.invokeTestMethods(TestMethodWorker.java:125)
at org.testng.internal.TestMethodWorker.run(TestMethodWorker.java:109)
at java.util.concurrent.ThreadPoolExecutor.runWorker(ThreadPoolExecutor.java:1149)
at java.util.concurrent.ThreadPoolExecutor$Worker.run(ThreadPoolExecutor.java:624)
at java.lang.Thread.run(Thread.java:748)
]]>
            </full-stacktrace>
          </exception> <!-- org.testng.TestNGException -->
          <reporter-output>
          </reporter-output>
        </test-method> <!-- passit -->
      </class> <!-- Hola.param -->
      <class name="Hola.windows">
        <test-method status="PASS" signature="Driver()[pri:0, instance:Hola.windows@548a102f]" name="Driver" duration-ms="4291" started-at="2020-06-08T14:37:43Z" finished-at="2020-06-08T14:37:47Z">
          <reporter-output>
          </reporter-output>
        </test-method> <!-- Driver -->
        <test-method status="PASS" signature="section()[pri:0, instance:Hola.windows@548a102f]" name="section" duration-ms="22339" started-at="2020-06-08T14:37:47Z" depends-on-methods="Hola.windows.Driver" finished-at="2020-06-08T14:38:10Z">
          <reporter-output>
          </reporter-output>
        </test-method> <!-- section -->
      </class> <!-- Hola.windows -->
      <class name="Hola.Actn">
        <test-method status="FAIL" signature="abc()[pri:0, instance:Hola.Actn@2aece37d]" name="abc" duration-ms="14212" started-at="2020-06-08T14:37:43Z" finished-at="2020-06-08T14:37:57Z">
          <exception class="org.openqa.selenium.SessionNotCreatedException">
            <message>
              <![CDATA[session not created
from chrome not reachable
  (Session info: chrome=83.0.4103.97)
Build info: version: '3.141.59', revision: 'e82be7d358', time: '2018-11-14T08:17:03'
System info: host: 'LAPTOP-LOG2SSBM', ip: '192.168.56.1', os.name: 'Windows 10', os.arch: 'amd64', os.version: '10.0', java.version: '1.8.0_231'
Driver info: driver.version: ChromeDriver
remote stacktrace: Backtrace:
Ordinal0 [0x005F9563+2725219]
Ordinal0 [0x004F8551+1672529]
Ordinal0 [0x003E0202+524802]
Ordinal0 [0x003D99B2+498098]
Ordinal0 [0x003DA09B+499867]
Ordinal0 [0x003DAFF5+503797]
Ordinal0 [0x003D6994+485780]
Ordinal0 [0x003E0FF0+528368]
Ordinal0 [0x0038D6C9+186057]
Ordinal0 [0x0038CA3D+182845]
Ordinal0 [0x0038A94B+174411]
Ordinal0 [0x00372528+75048]
Ordinal0 [0x003735A0+79264]
Ordinal0 [0x00373539+79161]
Ordinal0 [0x0050D607+1758727]
GetHandleVerifier [0x00716546+1050150]
GetHandleVerifier [0x00716291+1049457]
GetHandleVerifier [0x007210D7+1094071]
GetHandleVerifier [0x00716B46+1051686]
Ordinal0 [0x00505B06+1727238]
Ordinal0 [0x0050EB7B+1764219]
Ordinal0 [0x0050ECE3+1764579]
Ordinal0 [0x00524C05+1854469]
BaseThreadInitThunk [0x75E96359+25]
RtlGetAppContainerNamedObjectPath [0x778B7C24+228]
RtlGetAppContainerNamedObjectPath [0x778B7BF4+180]
]]>
            </message>
            <full-stacktrace>
              <![CDATA[org.openqa.selenium.SessionNotCreatedException: session not created
from chrome not reachable
  (Session info: chrome=83.0.4103.97)
Build info: version: '3.141.59', revision: 'e82be7d358', time: '2018-11-14T08:17:03'
System info: host: 'LAPTOP-LOG2SSBM', ip: '192.168.56.1', os.name: 'Windows 10', os.arch: 'amd64', os.version: '10.0', java.version: '1.8.0_231'
Driver info: driver.version: ChromeDriver
remote stacktrace: Backtrace:
Ordinal0 [0x005F9563+2725219]
Ordinal0 [0x004F8551+1672529]
Ordinal0 [0x003E0202+524802]
Ordinal0 [0x003D99B2+498098]
Ordinal0 [0x003DA09B+499867]
Ordinal0 [0x003DAFF5+503797]
Ordinal0 [0x003D6994+485780]
Ordinal0 [0x003E0FF0+528368]
Ordinal0 [0x0038D6C9+186057]
Ordinal0 [0x0038CA3D+182845]
Ordinal0 [0x0038A94B+174411]
Ordinal0 [0x00372528+75048]
Ordinal0 [0x003735A0+79264]
Ordinal0 [0x00373539+79161]
Ordinal0 [0x0050D607+1758727]
GetHandleVerifier [0x00716546+1050150]
GetHandleVerifier [0x00716291+1049457]
GetHandleVerifier [0x007210D7+1094071]
GetHandleVerifier [0x00716B46+1051686]
Ordinal0 [0x00505B06+1727238]
Ordinal0 [0x0050EB7B+1764219]
Ordinal0 [0x0050ECE3+1764579]
Ordinal0 [0x00524C05+1854469]
BaseThreadInitThunk [0x75E96359+25]
RtlGetAppContainerNamedObjectPath [0x778B7C24+228]
RtlGetAppContainerNamedObjectPath [0x778B7BF4+180]

at sun.reflect.NativeConstructorAccessorImpl.newInstance0(Native Method)
at sun.reflect.NativeConstructorAccessorImpl.newInstance(NativeConstructorAccessorImpl.java:62)
at sun.reflect.DelegatingConstructorAccessorImpl.newInstance(DelegatingConstructorAccessorImpl.java:45)
at java.lang.reflect.Constructor.newInstance(Constructor.java:423)
at org.openqa.selenium.remote.W3CHandshakeResponse.lambda$errorHandler$0(W3CHandshakeResponse.java:62)
at org.openqa.selenium.remote.HandshakeResponse.lambda$getResponseFunction$0(HandshakeResponse.java:30)
at org.openqa.selenium.remote.ProtocolHandshake.lambda$createSession$0(ProtocolHandshake.java:126)
at java.util.stream.ReferencePipeline$3$1.accept(ReferencePipeline.java:193)
at java.util.Spliterators$ArraySpliterator.tryAdvance(Spliterators.java:958)
at java.util.stream.ReferencePipeline.forEachWithCancel(ReferencePipeline.java:126)
at java.util.stream.AbstractPipeline.copyIntoWithCancel(AbstractPipeline.java:499)
at java.util.stream.AbstractPipeline.copyInto(AbstractPipeline.java:486)
at java.util.stream.AbstractPipeline.wrapAndCopyInto(AbstractPipeline.java:472)
at java.util.stream.FindOps$FindOp.evaluateSequential(FindOps.java:152)
at java.util.stream.AbstractPipeline.evaluate(AbstractPipeline.java:234)
at java.util.stream.ReferencePipeline.findFirst(ReferencePipeline.java:464)
at org.openqa.selenium.remote.ProtocolHandshake.createSession(ProtocolHandshake.java:128)
at org.openqa.selenium.remote.ProtocolHandshake.createSession(ProtocolHandshake.java:74)
at org.openqa.selenium.remote.HttpCommandExecutor.execute(HttpCommandExecutor.java:136)
at org.openqa.selenium.remote.service.DriverCommandExecutor.execute(DriverCommandExecutor.java:83)
at org.openqa.selenium.remote.RemoteWebDriver.execute(RemoteWebDriver.java:552)
at org.openqa.selenium.remote.RemoteWebDriver.startSession(RemoteWebDriver.java:213)
at org.openqa.selenium.remote.RemoteWebDriver.<init>(RemoteWebDriver.java:131)
at org.openqa.selenium.chrome.ChromeDriver.<init>(ChromeDriver.java:181)
at org.openqa.selenium.chrome.ChromeDriver.<init>(ChromeDriver.java:168)
at org.openqa.selenium.chrome.ChromeDriver.<init>(ChromeDriver.java:123)
at Hola.base.startDriver(base.java:29)
at Hola.Actn.abc(Actn.java:23)
at sun.reflect.NativeMethodAccessorImpl.invoke0(Native Method)
at sun.reflect.NativeMethodAccessorImpl.invoke(NativeMethodAccessorImpl.java:62)
at sun.reflect.DelegatingMethodAccessorImpl.invoke(DelegatingMethodAccessorImpl.java:43)
at java.lang.reflect.Method.invoke(Method.java:498)
at org.testng.internal.MethodInvocationHelper.invokeMethod(MethodInvocationHelper.java:124)
at org.testng.internal.Invoker.invokeMethod(Invoker.java:583)
at org.testng.internal.Invoker.invokeTestMethod(Invoker.java:719)
at org.testng.internal.Invoker.invokeTestMethods(Invoker.java:989)
at org.testng.internal.TestMethodWorker.invokeTestMethods(TestMethodWorker.java:125)
at org.testng.internal.TestMethodWorker.run(TestMethodWorker.java:109)
at java.util.concurrent.ThreadPoolExecutor.runWorker(ThreadPoolExecutor.java:1149)
at java.util.concurrent.ThreadPoolExecutor$Worker.run(ThreadPoolExecutor.java:624)
at java.lang.Thread.run(Thread.java:748)
]]>
            </full-stacktrace>
          </exception> <!-- org.openqa.selenium.SessionNotCreatedException -->
          <reporter-output>
          </reporter-output>
        </test-method> <!-- abc -->
        <test-method status="PASS" signature="check()[pri:0, instance:Hola.Actn@2aece37d]" name="check" duration-ms="7397" started-at="2020-06-08T14:37:57Z" finished-at="2020-06-08T14:38:05Z">
          <reporter-output>
          </reporter-output>
        </test-method> <!-- check -->
        <test-method status="PASS" signature="def()[pri:0, instance:Hola.Actn@2aece37d]" name="def" duration-ms="4772" started-at="2020-06-08T14:38:05Z" finished-at="2020-06-08T14:38:09Z">
          <reporter-output>
          </reporter-output>
        </test-method> <!-- def -->
      </class> <!-- Hola.Actn -->
    </test> <!-- Test -->
  </suite> <!-- Suite -->
</testng-results>
